2025-05-29 14:00:51,009 DEBUG    root            Loaded Command Group: ['gcloud', 'components']
2025-05-29 14:00:51,011 DEBUG    root            Loaded Command Group: ['gcloud', 'components', 'update']
2025-05-29 14:00:51,013 DEBUG    root            Running [gcloud.components.update] with arguments: [--quiet: "True", COMPONENT-IDS:8: "['gcloud', 'core', 'bq', 'gsutil', 'compute', 'preview', 'alpha', 'beta']"]
2025-05-29 14:00:51,014 INFO     ___FILE_ONLY___ Beginning update. This process may take several minutes.

2025-05-29 14:00:51,022 DEBUG    urllib3.connectionpool Starting new HTTPS connection (1): dl.google.com:443
2025-05-29 14:00:51,038 DEBUG    urllib3.connectionpool https://dl.google.com:443 "GET /dl/cloudsdk/channels/rapid/components-2.json HTTP/11" 200 233994
2025-05-29 14:00:51,051 WARNING  root            Component [compute] no longer exists.
2025-05-29 14:00:51,052 INFO     ___FILE_ONLY___ 

2025-05-29 14:00:51,052 INFO     ___FILE_ONLY___ 
Your current Google Cloud CLI version is: 524.0.0

2025-05-29 14:00:51,052 INFO     ___FILE_ONLY___ Installing components from version: 524.0.0

2025-05-29 14:00:51,053 INFO     ___FILE_ONLY___ 

2025-05-29 14:00:51,053 DEBUG    root            Chosen display Format:table[box,title="These components will be removed."](details.display_name:label=Name:align=left,version.version_string:label=Version:align=right,data.size.size(zero="",min=1048576):label=Size:align=right)
2025-05-29 14:00:51,053 DEBUG    root            Chosen display Format:table[box,title="These components will be updated."](details.display_name:label=Name:align=left,version.version_string:label=Version:align=right,data.size.size(zero="",min=1048576):label=Size:align=right)
2025-05-29 14:00:51,054 DEBUG    root            Chosen display Format:table[box,title="These components will be installed."](details.display_name:label=Name:align=left,version.version_string:label=Version:align=right,data.size.size(zero="",min=1048576):label=Size:align=right)
2025-05-29 14:00:51,068 INFO     ___FILE_ONLY___ ┌────────────────────────────────────────────────┐
2025-05-29 14:00:51,068 INFO     ___FILE_ONLY___ 

2025-05-29 14:00:51,068 INFO     ___FILE_ONLY___ │      These components will be installed.       │
2025-05-29 14:00:51,068 INFO     ___FILE_ONLY___ 

2025-05-29 14:00:51,068 INFO     ___FILE_ONLY___ ├─────────────────────────┬────────────┬─────────┤
2025-05-29 14:00:51,068 INFO     ___FILE_ONLY___ 

2025-05-29 14:00:51,068 INFO     ___FILE_ONLY___ │           Name          │  Version   │   Size  │
2025-05-29 14:00:51,068 INFO     ___FILE_ONLY___ 

2025-05-29 14:00:51,068 INFO     ___FILE_ONLY___ ├─────────────────────────┼────────────┼─────────┤
2025-05-29 14:00:51,069 INFO     ___FILE_ONLY___ 

2025-05-29 14:00:51,069 INFO     ___FILE_ONLY___ │ 
2025-05-29 14:00:51,069 INFO     ___FILE_ONLY___ gcloud Alpha Commands  
2025-05-29 14:00:51,069 INFO     ___FILE_ONLY___  
2025-05-29 14:00:51,069 INFO     ___FILE_ONLY___ │ 
2025-05-29 14:00:51,069 INFO     ___FILE_ONLY___ 2025.05.23
2025-05-29 14:00:51,069 INFO     ___FILE_ONLY___  
2025-05-29 14:00:51,069 INFO     ___FILE_ONLY___ │ 
2025-05-29 14:00:51,069 INFO     ___FILE_ONLY___ < 1 MiB
2025-05-29 14:00:51,069 INFO     ___FILE_ONLY___  
2025-05-29 14:00:51,070 INFO     ___FILE_ONLY___ │
2025-05-29 14:00:51,070 INFO     ___FILE_ONLY___ 

2025-05-29 14:00:51,070 INFO     ___FILE_ONLY___ │ 
2025-05-29 14:00:51,070 INFO     ___FILE_ONLY___ gcloud Beta Commands   
2025-05-29 14:00:51,070 INFO     ___FILE_ONLY___  
2025-05-29 14:00:51,070 INFO     ___FILE_ONLY___ │ 
2025-05-29 14:00:51,070 INFO     ___FILE_ONLY___ 2025.05.23
2025-05-29 14:00:51,070 INFO     ___FILE_ONLY___  
2025-05-29 14:00:51,070 INFO     ___FILE_ONLY___ │ 
2025-05-29 14:00:51,070 INFO     ___FILE_ONLY___ < 1 MiB
2025-05-29 14:00:51,070 INFO     ___FILE_ONLY___  
2025-05-29 14:00:51,071 INFO     ___FILE_ONLY___ │
2025-05-29 14:00:51,071 INFO     ___FILE_ONLY___ 

2025-05-29 14:00:51,071 INFO     ___FILE_ONLY___ │ 
2025-05-29 14:00:51,071 INFO     ___FILE_ONLY___ gcloud Preview Commands
2025-05-29 14:00:51,071 INFO     ___FILE_ONLY___  
2025-05-29 14:00:51,071 INFO     ___FILE_ONLY___ │ 
2025-05-29 14:00:51,071 INFO     ___FILE_ONLY___           
2025-05-29 14:00:51,071 INFO     ___FILE_ONLY___  
2025-05-29 14:00:51,071 INFO     ___FILE_ONLY___ │ 
2025-05-29 14:00:51,071 INFO     ___FILE_ONLY___ < 1 MiB
2025-05-29 14:00:51,071 INFO     ___FILE_ONLY___  
2025-05-29 14:00:51,071 INFO     ___FILE_ONLY___ │
2025-05-29 14:00:51,071 INFO     ___FILE_ONLY___ 

2025-05-29 14:00:51,071 INFO     ___FILE_ONLY___ └─────────────────────────┴────────────┴─────────┘
2025-05-29 14:00:51,072 INFO     ___FILE_ONLY___ 

2025-05-29 14:00:51,072 INFO     ___FILE_ONLY___ 

2025-05-29 14:00:51,075 DEBUG    urllib3.connectionpool Starting new HTTPS connection (1): dl.google.com:443
2025-05-29 14:00:51,095 DEBUG    urllib3.connectionpool https://dl.google.com:443 "GET /dl/cloudsdk/channels/rapid/RELEASE_NOTES HTTP/11" 200 1426101
2025-05-29 14:00:51,576 INFO     ___FILE_ONLY___ For the latest full release notes, please visit:
  https://cloud.google.com/sdk/release_notes


2025-05-29 14:00:51,577 INFO     ___FILE_ONLY___ Performing in place update...


2025-05-29 14:00:51,579 INFO     ___FILE_ONLY___ ╔════════════════════════════════════════════════════════════╗

2025-05-29 14:00:51,579 INFO     ___FILE_ONLY___ ╠═ Downloading: gcloud Alpha Commands                       ═╣

2025-05-29 14:00:51,579 INFO     ___FILE_ONLY___ ╚
2025-05-29 14:00:51,582 DEBUG    urllib3.connectionpool Starting new HTTPS connection (1): dl.google.com:443
2025-05-29 14:00:51,602 DEBUG    urllib3.connectionpool https://dl.google.com:443 "GET /dl/cloudsdk/channels/rapid/components/google-cloud-sdk-alpha-20250523104322.tar.gz HTTP/11" 200 800
2025-05-29 14:00:51,603 INFO     ___FILE_ONLY___ ════════════════════════════════════════════════════════════
2025-05-29 14:00:51,603 INFO     ___FILE_ONLY___ ╝

2025-05-29 14:00:51,605 INFO     ___FILE_ONLY___ ╔════════════════════════════════════════════════════════════╗

2025-05-29 14:00:51,605 INFO     ___FILE_ONLY___ ╠═ Downloading: gcloud Beta Commands                        ═╣

2025-05-29 14:00:51,605 INFO     ___FILE_ONLY___ ╚
2025-05-29 14:00:51,608 DEBUG    urllib3.connectionpool Starting new HTTPS connection (1): dl.google.com:443
2025-05-29 14:00:51,622 DEBUG    urllib3.connectionpool https://dl.google.com:443 "GET /dl/cloudsdk/channels/rapid/components/google-cloud-sdk-beta-20250523104322.tar.gz HTTP/11" 200 797
2025-05-29 14:00:51,623 INFO     ___FILE_ONLY___ ════════════════════════════════════════════════════════════
2025-05-29 14:00:51,623 INFO     ___FILE_ONLY___ ╝

2025-05-29 14:00:51,625 INFO     ___FILE_ONLY___ ╔════════════════════════════════════════════════════════════╗

2025-05-29 14:00:51,625 INFO     ___FILE_ONLY___ ╠═ Downloading: gcloud Preview Commands                     ═╣

2025-05-29 14:00:51,625 INFO     ___FILE_ONLY___ ╚
2025-05-29 14:00:51,628 DEBUG    urllib3.connectionpool Starting new HTTPS connection (1): dl.google.com:443
2025-05-29 14:00:51,731 DEBUG    urllib3.connectionpool https://dl.google.com:443 "GET /dl/cloudsdk/channels/rapid/components/google-cloud-sdk-preview-20241115154308.tar.gz HTTP/11" 200 823
2025-05-29 14:00:51,731 INFO     ___FILE_ONLY___ ════════════════════════════════════════════════════════════
2025-05-29 14:00:51,731 INFO     ___FILE_ONLY___ ╝

2025-05-29 14:00:51,734 INFO     ___FILE_ONLY___ ╔════════════════════════════════════════════════════════════╗

2025-05-29 14:00:51,734 INFO     ___FILE_ONLY___ ╠═ Installing: gcloud Alpha Commands                        ═╣

2025-05-29 14:00:51,734 INFO     ___FILE_ONLY___ ╚
2025-05-29 14:00:51,735 INFO     ___FILE_ONLY___ ════════════════════════════════════════════════════════════
2025-05-29 14:00:51,735 INFO     ___FILE_ONLY___ ╝

2025-05-29 14:00:51,740 INFO     ___FILE_ONLY___ ╔════════════════════════════════════════════════════════════╗

2025-05-29 14:00:51,740 INFO     ___FILE_ONLY___ ╠═ Installing: gcloud Beta Commands                         ═╣

2025-05-29 14:00:51,740 INFO     ___FILE_ONLY___ ╚
2025-05-29 14:00:51,741 INFO     ___FILE_ONLY___ ════════════════════════════════════════════════════════════
2025-05-29 14:00:51,741 INFO     ___FILE_ONLY___ ╝

2025-05-29 14:00:51,746 INFO     ___FILE_ONLY___ ╔════════════════════════════════════════════════════════════╗

2025-05-29 14:00:51,746 INFO     ___FILE_ONLY___ ╠═ Installing: gcloud Preview Commands                      ═╣

2025-05-29 14:00:51,746 INFO     ___FILE_ONLY___ ╚
2025-05-29 14:00:51,747 INFO     ___FILE_ONLY___ ════════════════════════════════════════════════════════════
2025-05-29 14:00:51,747 INFO     ___FILE_ONLY___ ╝

2025-05-29 14:00:51,752 DEBUG    root            Updating notification cache...
2025-05-29 14:00:51,752 INFO     ___FILE_ONLY___ 

2025-05-29 14:00:51,754 INFO     ___FILE_ONLY___ Performing post processing steps...
2025-05-29 14:00:51,755 DEBUG    root            Executing command: ['/tools/google-cloud-sdk/bin/gcloud', 'components', 'post-process']
2025-05-29 14:01:00,625 DEBUG    ___FILE_ONLY___ 
2025-05-29 14:01:00,625 DEBUG    ___FILE_ONLY___ 
2025-05-29 14:01:00,770 INFO     root            descriptor_list: [{'universeDomain': 'googleapis.com', 'universeShortName': '', 'authenticationDomain': 'auth.cloud.google.com', 'projectPrefix': '', 'cloudWebDomain': 'cloud.google.com', 'documentationDomain': 'cloud.google.com', 'version': '1.0.0', 'state': 'primary', 'artifactRegistryDomain': 'pkg.dev'}]
2025-05-29 14:01:00,771 INFO     ___FILE_ONLY___ 
Update done!


2025-05-29 14:01:00,773 DEBUG    root            Chosen display Format:none
2025-05-29 14:01:00,773 INFO     root            Display format: "none"
