2025-05-29 14:00:32,880 DEBUG    root            Loaded Command Group: ['gcloud', 'components']
2025-05-29 14:00:32,884 DEBUG    root            Loaded Command Group: ['gcloud', 'components', 'update']
2025-05-29 14:00:32,886 DEBUG    root            Running [gcloud.components.update] with arguments: [--compile-python: "True", --quiet: "True", COMPONENT-IDS:6: "['core', 'gcloud-deps', 'bq', 'gcloud', 'gcloud-crc32c', 'gsutil']"]
2025-05-29 14:00:32,887 INFO     ___FILE_ONLY___ Beginning update. This process may take several minutes.

2025-05-29 14:00:32,943 DEBUG    urllib3.connectionpool Starting new HTTPS connection (1): dl.google.com:443
2025-05-29 14:00:32,963 DEBUG    urllib3.connectionpool https://dl.google.com:443 "GET /dl/cloudsdk/channels/rapid/components-2.json HTTP/11" 200 233994
2025-05-29 14:00:32,980 INFO     ___FILE_ONLY___ 

2025-05-29 14:00:32,981 INFO     ___FILE_ONLY___ 
Your current Google Cloud CLI version is: 524.0.0

2025-05-29 14:00:32,981 INFO     ___FILE_ONLY___ Installing components from version: 524.0.0

2025-05-29 14:00:32,981 INFO     ___FILE_ONLY___ 

2025-05-29 14:00:32,981 DEBUG    root            Chosen display Format:table[box,title="These components will be removed."](details.display_name:label=Name:align=left,version.version_string:label=Version:align=right,data.size.size(zero="",min=1048576):label=Size:align=right)
2025-05-29 14:00:32,982 DEBUG    root            Chosen display Format:table[box,title="These components will be updated."](details.display_name:label=Name:align=left,version.version_string:label=Version:align=right,data.size.size(zero="",min=1048576):label=Size:align=right)
2025-05-29 14:00:32,982 DEBUG    root            Chosen display Format:table[box,title="These components will be installed."](details.display_name:label=Name:align=left,version.version_string:label=Version:align=right,data.size.size(zero="",min=1048576):label=Size:align=right)
2025-05-29 14:00:33,035 INFO     ___FILE_ONLY___ ┌─────────────────────────────────────────────────────────────────────────────┐
2025-05-29 14:00:33,036 INFO     ___FILE_ONLY___ 

2025-05-29 14:00:33,036 INFO     ___FILE_ONLY___ │                     These components will be installed.                     │
2025-05-29 14:00:33,036 INFO     ___FILE_ONLY___ 

2025-05-29 14:00:33,036 INFO     ___FILE_ONLY___ ├─────────────────────────────────────────────────────┬────────────┬──────────┤
2025-05-29 14:00:33,036 INFO     ___FILE_ONLY___ 

2025-05-29 14:00:33,036 INFO     ___FILE_ONLY___ │                         Name                        │  Version   │   Size   │
2025-05-29 14:00:33,036 INFO     ___FILE_ONLY___ 

2025-05-29 14:00:33,036 INFO     ___FILE_ONLY___ ├─────────────────────────────────────────────────────┼────────────┼──────────┤
2025-05-29 14:00:33,036 INFO     ___FILE_ONLY___ 

2025-05-29 14:00:33,036 INFO     ___FILE_ONLY___ │ 
2025-05-29 14:00:33,037 INFO     ___FILE_ONLY___ BigQuery Command Line Tool                         
2025-05-29 14:00:33,037 INFO     ___FILE_ONLY___  
2025-05-29 14:00:33,037 INFO     ___FILE_ONLY___ │ 
2025-05-29 14:00:33,037 INFO     ___FILE_ONLY___     2.1.17
2025-05-29 14:00:33,037 INFO     ___FILE_ONLY___  
2025-05-29 14:00:33,037 INFO     ___FILE_ONLY___ │ 
2025-05-29 14:00:33,037 INFO     ___FILE_ONLY___  1.8 MiB
2025-05-29 14:00:33,037 INFO     ___FILE_ONLY___  
2025-05-29 14:00:33,037 INFO     ___FILE_ONLY___ │
2025-05-29 14:00:33,037 INFO     ___FILE_ONLY___ 

2025-05-29 14:00:33,037 INFO     ___FILE_ONLY___ │ 
2025-05-29 14:00:33,037 INFO     ___FILE_ONLY___ BigQuery Command Line Tool (Platform Specific)     
2025-05-29 14:00:33,037 INFO     ___FILE_ONLY___  
2025-05-29 14:00:33,038 INFO     ___FILE_ONLY___ │ 
2025-05-29 14:00:33,038 INFO     ___FILE_ONLY___     2.1.17
2025-05-29 14:00:33,038 INFO     ___FILE_ONLY___  
2025-05-29 14:00:33,038 INFO     ___FILE_ONLY___ │ 
2025-05-29 14:00:33,038 INFO     ___FILE_ONLY___  < 1 MiB
2025-05-29 14:00:33,038 INFO     ___FILE_ONLY___  
2025-05-29 14:00:33,038 INFO     ___FILE_ONLY___ │
2025-05-29 14:00:33,038 INFO     ___FILE_ONLY___ 

2025-05-29 14:00:33,038 INFO     ___FILE_ONLY___ │ 
2025-05-29 14:00:33,039 INFO     ___FILE_ONLY___ Bundled Python 3.12 (Platform Specific)            
2025-05-29 14:00:33,039 INFO     ___FILE_ONLY___  
2025-05-29 14:00:33,039 INFO     ___FILE_ONLY___ │ 
2025-05-29 14:00:33,039 INFO     ___FILE_ONLY___     3.12.9
2025-05-29 14:00:33,039 INFO     ___FILE_ONLY___  
2025-05-29 14:00:33,039 INFO     ___FILE_ONLY___ │ 
2025-05-29 14:00:33,039 INFO     ___FILE_ONLY___ 89.3 MiB
2025-05-29 14:00:33,039 INFO     ___FILE_ONLY___  
2025-05-29 14:00:33,039 INFO     ___FILE_ONLY___ │
2025-05-29 14:00:33,039 INFO     ___FILE_ONLY___ 

2025-05-29 14:00:33,040 INFO     ___FILE_ONLY___ │ 
2025-05-29 14:00:33,040 INFO     ___FILE_ONLY___ Cloud Storage Command Line Tool                    
2025-05-29 14:00:33,040 INFO     ___FILE_ONLY___  
2025-05-29 14:00:33,040 INFO     ___FILE_ONLY___ │ 
2025-05-29 14:00:33,040 INFO     ___FILE_ONLY___       5.34
2025-05-29 14:00:33,040 INFO     ___FILE_ONLY___  
2025-05-29 14:00:33,040 INFO     ___FILE_ONLY___ │ 
2025-05-29 14:00:33,040 INFO     ___FILE_ONLY___ 11.8 MiB
2025-05-29 14:00:33,040 INFO     ___FILE_ONLY___  
2025-05-29 14:00:33,040 INFO     ___FILE_ONLY___ │
2025-05-29 14:00:33,040 INFO     ___FILE_ONLY___ 

2025-05-29 14:00:33,040 INFO     ___FILE_ONLY___ │ 
2025-05-29 14:00:33,040 INFO     ___FILE_ONLY___ Cloud Storage Command Line Tool (Platform Specific)
2025-05-29 14:00:33,041 INFO     ___FILE_ONLY___  
2025-05-29 14:00:33,041 INFO     ___FILE_ONLY___ │ 
2025-05-29 14:00:33,041 INFO     ___FILE_ONLY___       5.34
2025-05-29 14:00:33,041 INFO     ___FILE_ONLY___  
2025-05-29 14:00:33,041 INFO     ___FILE_ONLY___ │ 
2025-05-29 14:00:33,042 INFO     ___FILE_ONLY___  < 1 MiB
2025-05-29 14:00:33,042 INFO     ___FILE_ONLY___  
2025-05-29 14:00:33,042 INFO     ___FILE_ONLY___ │
2025-05-29 14:00:33,042 INFO     ___FILE_ONLY___ 

2025-05-29 14:00:33,042 INFO     ___FILE_ONLY___ │ 
2025-05-29 14:00:33,043 INFO     ___FILE_ONLY___ Google Cloud CLI Core Libraries (Platform Specific)
2025-05-29 14:00:33,043 INFO     ___FILE_ONLY___  
2025-05-29 14:00:33,043 INFO     ___FILE_ONLY___ │ 
2025-05-29 14:00:33,043 INFO     ___FILE_ONLY___ 2025.05.23
2025-05-29 14:00:33,043 INFO     ___FILE_ONLY___  
2025-05-29 14:00:33,043 INFO     ___FILE_ONLY___ │ 
2025-05-29 14:00:33,043 INFO     ___FILE_ONLY___  < 1 MiB
2025-05-29 14:00:33,043 INFO     ___FILE_ONLY___  
2025-05-29 14:00:33,043 INFO     ___FILE_ONLY___ │
2025-05-29 14:00:33,043 INFO     ___FILE_ONLY___ 

2025-05-29 14:00:33,044 INFO     ___FILE_ONLY___ │ 
2025-05-29 14:00:33,044 INFO     ___FILE_ONLY___ Google Cloud CRC32C Hash Tool (Platform Specific)  
2025-05-29 14:00:33,044 INFO     ___FILE_ONLY___  
2025-05-29 14:00:33,044 INFO     ___FILE_ONLY___ │ 
2025-05-29 14:00:33,044 INFO     ___FILE_ONLY___      1.0.0
2025-05-29 14:00:33,044 INFO     ___FILE_ONLY___  
2025-05-29 14:00:33,044 INFO     ___FILE_ONLY___ │ 
2025-05-29 14:00:33,044 INFO     ___FILE_ONLY___  1.4 MiB
2025-05-29 14:00:33,044 INFO     ___FILE_ONLY___  
2025-05-29 14:00:33,044 INFO     ___FILE_ONLY___ │
2025-05-29 14:00:33,044 INFO     ___FILE_ONLY___ 

2025-05-29 14:00:33,044 INFO     ___FILE_ONLY___ │ 
2025-05-29 14:00:33,044 INFO     ___FILE_ONLY___ gcloud cli dependencies (Platform Specific)        
2025-05-29 14:00:33,045 INFO     ___FILE_ONLY___  
2025-05-29 14:00:33,045 INFO     ___FILE_ONLY___ │ 
2025-05-29 14:00:33,045 INFO     ___FILE_ONLY___ 2021.04.16
2025-05-29 14:00:33,045 INFO     ___FILE_ONLY___  
2025-05-29 14:00:33,045 INFO     ___FILE_ONLY___ │ 
2025-05-29 14:00:33,045 INFO     ___FILE_ONLY___  < 1 MiB
2025-05-29 14:00:33,045 INFO     ___FILE_ONLY___  
2025-05-29 14:00:33,045 INFO     ___FILE_ONLY___ │
2025-05-29 14:00:33,045 INFO     ___FILE_ONLY___ 

2025-05-29 14:00:33,045 INFO     ___FILE_ONLY___ └─────────────────────────────────────────────────────┴────────────┴──────────┘
2025-05-29 14:00:33,045 INFO     ___FILE_ONLY___ 

2025-05-29 14:00:33,045 INFO     ___FILE_ONLY___ 

2025-05-29 14:00:33,051 DEBUG    urllib3.connectionpool Starting new HTTPS connection (1): dl.google.com:443
2025-05-29 14:00:33,070 DEBUG    urllib3.connectionpool https://dl.google.com:443 "GET /dl/cloudsdk/channels/rapid/RELEASE_NOTES HTTP/11" 200 1426101
2025-05-29 14:00:33,584 INFO     ___FILE_ONLY___ For the latest full release notes, please visit:
  https://cloud.google.com/sdk/release_notes


2025-05-29 14:00:33,585 INFO     ___FILE_ONLY___ Performing in place update...


2025-05-29 14:00:33,587 INFO     ___FILE_ONLY___ ╔════════════════════════════════════════════════════════════╗

2025-05-29 14:00:33,587 INFO     ___FILE_ONLY___ ╠═ Downloading: BigQuery Command Line Tool                  ═╣

2025-05-29 14:00:33,587 INFO     ___FILE_ONLY___ ╚
2025-05-29 14:00:33,591 DEBUG    urllib3.connectionpool Starting new HTTPS connection (1): dl.google.com:443
2025-05-29 14:00:33,612 DEBUG    urllib3.connectionpool https://dl.google.com:443 "GET /dl/cloudsdk/channels/rapid/components/google-cloud-sdk-bq-20250516153006.tar.gz HTTP/11" 200 1846801
2025-05-29 14:00:33,625 INFO     ___FILE_ONLY___ ═
2025-05-29 14:00:33,625 INFO     ___FILE_ONLY___ ═
2025-05-29 14:00:33,625 INFO     ___FILE_ONLY___ ═
2025-05-29 14:00:33,625 INFO     ___FILE_ONLY___ ═
2025-05-29 14:00:33,625 INFO     ___FILE_ONLY___ ═
2025-05-29 14:00:33,625 INFO     ___FILE_ONLY___ ═
2025-05-29 14:00:33,625 INFO     ___FILE_ONLY___ ═
2025-05-29 14:00:33,626 INFO     ___FILE_ONLY___ ═
2025-05-29 14:00:33,626 INFO     ___FILE_ONLY___ ═
2025-05-29 14:00:33,626 INFO     ___FILE_ONLY___ ═
2025-05-29 14:00:33,626 INFO     ___FILE_ONLY___ ═
2025-05-29 14:00:33,626 INFO     ___FILE_ONLY___ ═
2025-05-29 14:00:33,626 INFO     ___FILE_ONLY___ ═
2025-05-29 14:00:33,626 INFO     ___FILE_ONLY___ ═
2025-05-29 14:00:33,626 INFO     ___FILE_ONLY___ ═
2025-05-29 14:00:33,626 INFO     ___FILE_ONLY___ ═
2025-05-29 14:00:33,626 INFO     ___FILE_ONLY___ ═
2025-05-29 14:00:33,626 INFO     ___FILE_ONLY___ ═
2025-05-29 14:00:33,627 INFO     ___FILE_ONLY___ ═
2025-05-29 14:00:33,627 INFO     ___FILE_ONLY___ ═
2025-05-29 14:00:33,627 INFO     ___FILE_ONLY___ ═
2025-05-29 14:00:33,627 INFO     ___FILE_ONLY___ ═
2025-05-29 14:00:33,627 INFO     ___FILE_ONLY___ ═
2025-05-29 14:00:33,627 INFO     ___FILE_ONLY___ ═
2025-05-29 14:00:33,627 INFO     ___FILE_ONLY___ ═
2025-05-29 14:00:33,627 INFO     ___FILE_ONLY___ ═
2025-05-29 14:00:33,627 INFO     ___FILE_ONLY___ ═
2025-05-29 14:00:33,627 INFO     ___FILE_ONLY___ ═
2025-05-29 14:00:33,627 INFO     ___FILE_ONLY___ ═
2025-05-29 14:00:33,627 INFO     ___FILE_ONLY___ ═
2025-05-29 14:00:33,628 INFO     ___FILE_ONLY___ ═
2025-05-29 14:00:33,628 INFO     ___FILE_ONLY___ ═
2025-05-29 14:00:33,628 INFO     ___FILE_ONLY___ ═
2025-05-29 14:00:33,628 INFO     ___FILE_ONLY___ ═
2025-05-29 14:00:33,628 INFO     ___FILE_ONLY___ ═
2025-05-29 14:00:33,628 INFO     ___FILE_ONLY___ ═
2025-05-29 14:00:33,628 INFO     ___FILE_ONLY___ ═
2025-05-29 14:00:33,628 INFO     ___FILE_ONLY___ ═
2025-05-29 14:00:33,628 INFO     ___FILE_ONLY___ ═
2025-05-29 14:00:33,628 INFO     ___FILE_ONLY___ ═
2025-05-29 14:00:33,628 INFO     ___FILE_ONLY___ ═
2025-05-29 14:00:33,629 INFO     ___FILE_ONLY___ ═
2025-05-29 14:00:33,629 INFO     ___FILE_ONLY___ ═
2025-05-29 14:00:33,629 INFO     ___FILE_ONLY___ ═
2025-05-29 14:00:33,629 INFO     ___FILE_ONLY___ ═
2025-05-29 14:00:33,629 INFO     ___FILE_ONLY___ ═
2025-05-29 14:00:33,629 INFO     ___FILE_ONLY___ ═
2025-05-29 14:00:33,629 INFO     ___FILE_ONLY___ ═
2025-05-29 14:00:33,629 INFO     ___FILE_ONLY___ ═
2025-05-29 14:00:33,629 INFO     ___FILE_ONLY___ ═
2025-05-29 14:00:33,629 INFO     ___FILE_ONLY___ ═
2025-05-29 14:00:33,630 INFO     ___FILE_ONLY___ ═
2025-05-29 14:00:33,630 INFO     ___FILE_ONLY___ ═
2025-05-29 14:00:33,630 INFO     ___FILE_ONLY___ ═
2025-05-29 14:00:33,630 INFO     ___FILE_ONLY___ ═
2025-05-29 14:00:33,630 INFO     ___FILE_ONLY___ ═
2025-05-29 14:00:33,630 INFO     ___FILE_ONLY___ ═
2025-05-29 14:00:33,630 INFO     ___FILE_ONLY___ ═
2025-05-29 14:00:33,630 INFO     ___FILE_ONLY___ ═
2025-05-29 14:00:33,630 INFO     ___FILE_ONLY___ ═
2025-05-29 14:00:33,630 INFO     ___FILE_ONLY___ ╝

2025-05-29 14:00:33,632 INFO     ___FILE_ONLY___ ╔════════════════════════════════════════════════════════════╗

2025-05-29 14:00:33,633 INFO     ___FILE_ONLY___ ╠═ Downloading: BigQuery Command Line Tool (Platform Spe... ═╣

2025-05-29 14:00:33,633 INFO     ___FILE_ONLY___ ╚
2025-05-29 14:00:33,637 DEBUG    urllib3.connectionpool Starting new HTTPS connection (1): dl.google.com:443
2025-05-29 14:00:33,686 DEBUG    urllib3.connectionpool https://dl.google.com:443 "GET /dl/cloudsdk/channels/rapid/components/google-cloud-sdk-bq-nix-20250523104322.tar.gz HTTP/11" 200 1935
2025-05-29 14:00:33,687 INFO     ___FILE_ONLY___ ════════════════════════════════════════════════════════════
2025-05-29 14:00:33,687 INFO     ___FILE_ONLY___ ╝

2025-05-29 14:00:33,690 INFO     ___FILE_ONLY___ ╔════════════════════════════════════════════════════════════╗

2025-05-29 14:00:33,690 INFO     ___FILE_ONLY___ ╠═ Downloading: Bundled Python 3.12                         ═╣

2025-05-29 14:00:33,690 INFO     ___FILE_ONLY___ ╚
2025-05-29 14:00:33,690 INFO     ___FILE_ONLY___ ════════════════════════════════════════════════════════════
2025-05-29 14:00:33,690 INFO     ___FILE_ONLY___ ╝

2025-05-29 14:00:33,693 INFO     ___FILE_ONLY___ ╔════════════════════════════════════════════════════════════╗

2025-05-29 14:00:33,693 INFO     ___FILE_ONLY___ ╠═ Downloading: Bundled Python 3.12 (Platform Specific)     ═╣

2025-05-29 14:00:33,693 INFO     ___FILE_ONLY___ ╚
2025-05-29 14:00:33,696 DEBUG    urllib3.connectionpool Starting new HTTPS connection (1): dl.google.com:443
2025-05-29 14:00:33,715 DEBUG    urllib3.connectionpool https://dl.google.com:443 "GET /dl/cloudsdk/channels/rapid/components/google-cloud-sdk-bundled-python3-unix-linux-x86_64-20250502143716.tar.gz HTTP/11" 200 93610468
2025-05-29 14:00:34,084 INFO     ___FILE_ONLY___ ═
2025-05-29 14:00:34,086 INFO     ___FILE_ONLY___ ═
2025-05-29 14:00:34,088 INFO     ___FILE_ONLY___ ═
2025-05-29 14:00:34,090 INFO     ___FILE_ONLY___ ═
2025-05-29 14:00:34,091 INFO     ___FILE_ONLY___ ═
2025-05-29 14:00:34,093 INFO     ___FILE_ONLY___ ═
2025-05-29 14:00:34,095 INFO     ___FILE_ONLY___ ═
2025-05-29 14:00:34,097 INFO     ___FILE_ONLY___ ═
2025-05-29 14:00:34,098 INFO     ___FILE_ONLY___ ═
2025-05-29 14:00:34,100 INFO     ___FILE_ONLY___ ═
2025-05-29 14:00:34,102 INFO     ___FILE_ONLY___ ═
2025-05-29 14:00:34,103 INFO     ___FILE_ONLY___ ═
2025-05-29 14:00:34,106 INFO     ___FILE_ONLY___ ═
2025-05-29 14:00:34,108 INFO     ___FILE_ONLY___ ═
2025-05-29 14:00:34,110 INFO     ___FILE_ONLY___ ═
2025-05-29 14:00:34,112 INFO     ___FILE_ONLY___ ═
2025-05-29 14:00:34,114 INFO     ___FILE_ONLY___ ═
2025-05-29 14:00:34,115 INFO     ___FILE_ONLY___ ═
2025-05-29 14:00:34,118 INFO     ___FILE_ONLY___ ═
2025-05-29 14:00:34,120 INFO     ___FILE_ONLY___ ═
2025-05-29 14:00:34,121 INFO     ___FILE_ONLY___ ═
2025-05-29 14:00:34,123 INFO     ___FILE_ONLY___ ═
2025-05-29 14:00:34,125 INFO     ___FILE_ONLY___ ═
2025-05-29 14:00:34,127 INFO     ___FILE_ONLY___ ═
2025-05-29 14:00:34,128 INFO     ___FILE_ONLY___ ═
2025-05-29 14:00:34,130 INFO     ___FILE_ONLY___ ═
2025-05-29 14:00:34,132 INFO     ___FILE_ONLY___ ═
2025-05-29 14:00:34,133 INFO     ___FILE_ONLY___ ═
2025-05-29 14:00:34,135 INFO     ___FILE_ONLY___ ═
2025-05-29 14:00:34,137 INFO     ___FILE_ONLY___ ═
2025-05-29 14:00:34,138 INFO     ___FILE_ONLY___ ═
2025-05-29 14:00:34,140 INFO     ___FILE_ONLY___ ═
2025-05-29 14:00:34,142 INFO     ___FILE_ONLY___ ═
2025-05-29 14:00:34,143 INFO     ___FILE_ONLY___ ═
2025-05-29 14:00:34,145 INFO     ___FILE_ONLY___ ═
2025-05-29 14:00:34,147 INFO     ___FILE_ONLY___ ═
2025-05-29 14:00:34,148 INFO     ___FILE_ONLY___ ═
2025-05-29 14:00:34,150 INFO     ___FILE_ONLY___ ═
2025-05-29 14:00:34,152 INFO     ___FILE_ONLY___ ═
2025-05-29 14:00:34,153 INFO     ___FILE_ONLY___ ═
2025-05-29 14:00:34,155 INFO     ___FILE_ONLY___ ═
2025-05-29 14:00:34,156 INFO     ___FILE_ONLY___ ═
2025-05-29 14:00:34,158 INFO     ___FILE_ONLY___ ═
2025-05-29 14:00:34,160 INFO     ___FILE_ONLY___ ═
2025-05-29 14:00:34,162 INFO     ___FILE_ONLY___ ═
2025-05-29 14:00:34,163 INFO     ___FILE_ONLY___ ═
2025-05-29 14:00:34,165 INFO     ___FILE_ONLY___ ═
2025-05-29 14:00:34,167 INFO     ___FILE_ONLY___ ═
2025-05-29 14:00:34,169 INFO     ___FILE_ONLY___ ═
2025-05-29 14:00:34,170 INFO     ___FILE_ONLY___ ═
2025-05-29 14:00:34,172 INFO     ___FILE_ONLY___ ═
2025-05-29 14:00:34,174 INFO     ___FILE_ONLY___ ═
2025-05-29 14:00:34,176 INFO     ___FILE_ONLY___ ═
2025-05-29 14:00:34,178 INFO     ___FILE_ONLY___ ═
2025-05-29 14:00:34,179 INFO     ___FILE_ONLY___ ═
2025-05-29 14:00:34,181 INFO     ___FILE_ONLY___ ═
2025-05-29 14:00:34,183 INFO     ___FILE_ONLY___ ═
2025-05-29 14:00:34,185 INFO     ___FILE_ONLY___ ═
2025-05-29 14:00:34,187 INFO     ___FILE_ONLY___ ═
2025-05-29 14:00:34,189 INFO     ___FILE_ONLY___ ═
2025-05-29 14:00:34,189 INFO     ___FILE_ONLY___ ╝

2025-05-29 14:00:34,196 INFO     ___FILE_ONLY___ ╔════════════════════════════════════════════════════════════╗

2025-05-29 14:00:34,196 INFO     ___FILE_ONLY___ ╠═ Downloading: Cloud Storage Command Line Tool             ═╣

2025-05-29 14:00:34,196 INFO     ___FILE_ONLY___ ╚
2025-05-29 14:00:34,200 DEBUG    urllib3.connectionpool Starting new HTTPS connection (1): dl.google.com:443
2025-05-29 14:00:34,217 DEBUG    urllib3.connectionpool https://dl.google.com:443 "GET /dl/cloudsdk/channels/rapid/components/google-cloud-sdk-gsutil-20250418150427.tar.gz HTTP/11" 200 12382702
2025-05-29 14:00:34,268 INFO     ___FILE_ONLY___ ═
2025-05-29 14:00:34,269 INFO     ___FILE_ONLY___ ═
2025-05-29 14:00:34,269 INFO     ___FILE_ONLY___ ═
2025-05-29 14:00:34,269 INFO     ___FILE_ONLY___ ═
2025-05-29 14:00:34,270 INFO     ___FILE_ONLY___ ═
2025-05-29 14:00:34,270 INFO     ___FILE_ONLY___ ═
2025-05-29 14:00:34,270 INFO     ___FILE_ONLY___ ═
2025-05-29 14:00:34,270 INFO     ___FILE_ONLY___ ═
2025-05-29 14:00:34,271 INFO     ___FILE_ONLY___ ═
2025-05-29 14:00:34,271 INFO     ___FILE_ONLY___ ═
2025-05-29 14:00:34,271 INFO     ___FILE_ONLY___ ═
2025-05-29 14:00:34,271 INFO     ___FILE_ONLY___ ═
2025-05-29 14:00:34,272 INFO     ___FILE_ONLY___ ═
2025-05-29 14:00:34,272 INFO     ___FILE_ONLY___ ═
2025-05-29 14:00:34,272 INFO     ___FILE_ONLY___ ═
2025-05-29 14:00:34,273 INFO     ___FILE_ONLY___ ═
2025-05-29 14:00:34,273 INFO     ___FILE_ONLY___ ═
2025-05-29 14:00:34,273 INFO     ___FILE_ONLY___ ═
2025-05-29 14:00:34,273 INFO     ___FILE_ONLY___ ═
2025-05-29 14:00:34,274 INFO     ___FILE_ONLY___ ═
2025-05-29 14:00:34,274 INFO     ___FILE_ONLY___ ═
2025-05-29 14:00:34,274 INFO     ___FILE_ONLY___ ═
2025-05-29 14:00:34,275 INFO     ___FILE_ONLY___ ═
2025-05-29 14:00:34,275 INFO     ___FILE_ONLY___ ═
2025-05-29 14:00:34,275 INFO     ___FILE_ONLY___ ═
2025-05-29 14:00:34,275 INFO     ___FILE_ONLY___ ═
2025-05-29 14:00:34,276 INFO     ___FILE_ONLY___ ═
2025-05-29 14:00:34,276 INFO     ___FILE_ONLY___ ═
2025-05-29 14:00:34,276 INFO     ___FILE_ONLY___ ═
2025-05-29 14:00:34,276 INFO     ___FILE_ONLY___ ═
2025-05-29 14:00:34,277 INFO     ___FILE_ONLY___ ═
2025-05-29 14:00:34,277 INFO     ___FILE_ONLY___ ═
2025-05-29 14:00:34,278 INFO     ___FILE_ONLY___ ═
2025-05-29 14:00:34,278 INFO     ___FILE_ONLY___ ═
2025-05-29 14:00:34,279 INFO     ___FILE_ONLY___ ═
2025-05-29 14:00:34,279 INFO     ___FILE_ONLY___ ═
2025-05-29 14:00:34,279 INFO     ___FILE_ONLY___ ═
2025-05-29 14:00:34,279 INFO     ___FILE_ONLY___ ═
2025-05-29 14:00:34,280 INFO     ___FILE_ONLY___ ═
2025-05-29 14:00:34,280 INFO     ___FILE_ONLY___ ═
2025-05-29 14:00:34,281 INFO     ___FILE_ONLY___ ═
2025-05-29 14:00:34,281 INFO     ___FILE_ONLY___ ═
2025-05-29 14:00:34,281 INFO     ___FILE_ONLY___ ═
2025-05-29 14:00:34,282 INFO     ___FILE_ONLY___ ═
2025-05-29 14:00:34,282 INFO     ___FILE_ONLY___ ═
2025-05-29 14:00:34,282 INFO     ___FILE_ONLY___ ═
2025-05-29 14:00:34,283 INFO     ___FILE_ONLY___ ═
2025-05-29 14:00:34,283 INFO     ___FILE_ONLY___ ═
2025-05-29 14:00:34,283 INFO     ___FILE_ONLY___ ═
2025-05-29 14:00:34,284 INFO     ___FILE_ONLY___ ═
2025-05-29 14:00:34,284 INFO     ___FILE_ONLY___ ═
2025-05-29 14:00:34,284 INFO     ___FILE_ONLY___ ═
2025-05-29 14:00:34,285 INFO     ___FILE_ONLY___ ═
2025-05-29 14:00:34,285 INFO     ___FILE_ONLY___ ═
2025-05-29 14:00:34,285 INFO     ___FILE_ONLY___ ═
2025-05-29 14:00:34,285 INFO     ___FILE_ONLY___ ═
2025-05-29 14:00:34,286 INFO     ___FILE_ONLY___ ═
2025-05-29 14:00:34,286 INFO     ___FILE_ONLY___ ═
2025-05-29 14:00:34,286 INFO     ___FILE_ONLY___ ═
2025-05-29 14:00:34,287 INFO     ___FILE_ONLY___ ═
2025-05-29 14:00:34,287 INFO     ___FILE_ONLY___ ╝

2025-05-29 14:00:34,290 INFO     ___FILE_ONLY___ ╔════════════════════════════════════════════════════════════╗

2025-05-29 14:00:34,290 INFO     ___FILE_ONLY___ ╠═ Downloading: Cloud Storage Command Line Tool (Platfor... ═╣

2025-05-29 14:00:34,290 INFO     ___FILE_ONLY___ ╚
2025-05-29 14:00:34,293 DEBUG    urllib3.connectionpool Starting new HTTPS connection (1): dl.google.com:443
2025-05-29 14:00:34,308 DEBUG    urllib3.connectionpool https://dl.google.com:443 "GET /dl/cloudsdk/channels/rapid/components/google-cloud-sdk-gsutil-nix-20250523104322.tar.gz HTTP/11" 200 1950
2025-05-29 14:00:34,308 INFO     ___FILE_ONLY___ ════════════════════════════════════════════════════════════
2025-05-29 14:00:34,309 INFO     ___FILE_ONLY___ ╝

2025-05-29 14:00:34,311 INFO     ___FILE_ONLY___ ╔════════════════════════════════════════════════════════════╗

2025-05-29 14:00:34,311 INFO     ___FILE_ONLY___ ╠═ Downloading: Default set of gcloud commands              ═╣

2025-05-29 14:00:34,311 INFO     ___FILE_ONLY___ ╚
2025-05-29 14:00:34,311 INFO     ___FILE_ONLY___ ════════════════════════════════════════════════════════════
2025-05-29 14:00:34,311 INFO     ___FILE_ONLY___ ╝

2025-05-29 14:00:34,313 INFO     ___FILE_ONLY___ ╔════════════════════════════════════════════════════════════╗

2025-05-29 14:00:34,313 INFO     ___FILE_ONLY___ ╠═ Downloading: Google Cloud CLI Core Libraries (Platfor... ═╣

2025-05-29 14:00:34,314 INFO     ___FILE_ONLY___ ╚
2025-05-29 14:00:34,317 DEBUG    urllib3.connectionpool Starting new HTTPS connection (1): dl.google.com:443
2025-05-29 14:00:34,336 DEBUG    urllib3.connectionpool https://dl.google.com:443 "GET /dl/cloudsdk/channels/rapid/components/google-cloud-sdk-core-nix-20250523104322.tar.gz HTTP/11" 200 2325
2025-05-29 14:00:34,336 INFO     ___FILE_ONLY___ ════════════════════════════════════════════════════════════
2025-05-29 14:00:34,336 INFO     ___FILE_ONLY___ ╝

2025-05-29 14:00:34,339 INFO     ___FILE_ONLY___ ╔════════════════════════════════════════════════════════════╗

2025-05-29 14:00:34,339 INFO     ___FILE_ONLY___ ╠═ Downloading: Google Cloud CRC32C Hash Tool               ═╣

2025-05-29 14:00:34,339 INFO     ___FILE_ONLY___ ╚
2025-05-29 14:00:34,339 INFO     ___FILE_ONLY___ ════════════════════════════════════════════════════════════
2025-05-29 14:00:34,339 INFO     ___FILE_ONLY___ ╝

2025-05-29 14:00:34,341 INFO     ___FILE_ONLY___ ╔════════════════════════════════════════════════════════════╗

2025-05-29 14:00:34,341 INFO     ___FILE_ONLY___ ╠═ Downloading: Google Cloud CRC32C Hash Tool (Platform ... ═╣

2025-05-29 14:00:34,341 INFO     ___FILE_ONLY___ ╚
2025-05-29 14:00:34,344 DEBUG    urllib3.connectionpool Starting new HTTPS connection (1): dl.google.com:443
2025-05-29 14:00:34,362 DEBUG    urllib3.connectionpool https://dl.google.com:443 "GET /dl/cloudsdk/channels/rapid/components/google-cloud-sdk-gcloud-crc32c-linux-x86_64-20250110133808.tar.gz HTTP/11" 200 1478989
2025-05-29 14:00:34,373 INFO     ___FILE_ONLY___ ═
2025-05-29 14:00:34,374 INFO     ___FILE_ONLY___ ═
2025-05-29 14:00:34,374 INFO     ___FILE_ONLY___ ═
2025-05-29 14:00:34,374 INFO     ___FILE_ONLY___ ═
2025-05-29 14:00:34,374 INFO     ___FILE_ONLY___ ═
2025-05-29 14:00:34,374 INFO     ___FILE_ONLY___ ═
2025-05-29 14:00:34,374 INFO     ___FILE_ONLY___ ═
2025-05-29 14:00:34,374 INFO     ___FILE_ONLY___ ═
2025-05-29 14:00:34,374 INFO     ___FILE_ONLY___ ═
2025-05-29 14:00:34,374 INFO     ___FILE_ONLY___ ═
2025-05-29 14:00:34,374 INFO     ___FILE_ONLY___ ═
2025-05-29 14:00:34,375 INFO     ___FILE_ONLY___ ═
2025-05-29 14:00:34,375 INFO     ___FILE_ONLY___ ═
2025-05-29 14:00:34,375 INFO     ___FILE_ONLY___ ═
2025-05-29 14:00:34,375 INFO     ___FILE_ONLY___ ═
2025-05-29 14:00:34,375 INFO     ___FILE_ONLY___ ═
2025-05-29 14:00:34,375 INFO     ___FILE_ONLY___ ═
2025-05-29 14:00:34,375 INFO     ___FILE_ONLY___ ═
2025-05-29 14:00:34,375 INFO     ___FILE_ONLY___ ═
2025-05-29 14:00:34,375 INFO     ___FILE_ONLY___ ═
2025-05-29 14:00:34,376 INFO     ___FILE_ONLY___ ═
2025-05-29 14:00:34,376 INFO     ___FILE_ONLY___ ═
2025-05-29 14:00:34,376 INFO     ___FILE_ONLY___ ═
2025-05-29 14:00:34,376 INFO     ___FILE_ONLY___ ═
2025-05-29 14:00:34,376 INFO     ___FILE_ONLY___ ═
2025-05-29 14:00:34,376 INFO     ___FILE_ONLY___ ═
2025-05-29 14:00:34,376 INFO     ___FILE_ONLY___ ═
2025-05-29 14:00:34,376 INFO     ___FILE_ONLY___ ═
2025-05-29 14:00:34,376 INFO     ___FILE_ONLY___ ═
2025-05-29 14:00:34,376 INFO     ___FILE_ONLY___ ═
2025-05-29 14:00:34,376 INFO     ___FILE_ONLY___ ═
2025-05-29 14:00:34,377 INFO     ___FILE_ONLY___ ═
2025-05-29 14:00:34,377 INFO     ___FILE_ONLY___ ═
2025-05-29 14:00:34,377 INFO     ___FILE_ONLY___ ═
2025-05-29 14:00:34,377 INFO     ___FILE_ONLY___ ═
2025-05-29 14:00:34,377 INFO     ___FILE_ONLY___ ═
2025-05-29 14:00:34,377 INFO     ___FILE_ONLY___ ═
2025-05-29 14:00:34,377 INFO     ___FILE_ONLY___ ═
2025-05-29 14:00:34,377 INFO     ___FILE_ONLY___ ═
2025-05-29 14:00:34,377 INFO     ___FILE_ONLY___ ═
2025-05-29 14:00:34,378 INFO     ___FILE_ONLY___ ═
2025-05-29 14:00:34,378 INFO     ___FILE_ONLY___ ═
2025-05-29 14:00:34,378 INFO     ___FILE_ONLY___ ═
2025-05-29 14:00:34,378 INFO     ___FILE_ONLY___ ═
2025-05-29 14:00:34,378 INFO     ___FILE_ONLY___ ═
2025-05-29 14:00:34,378 INFO     ___FILE_ONLY___ ═
2025-05-29 14:00:34,379 INFO     ___FILE_ONLY___ ═
2025-05-29 14:00:34,379 INFO     ___FILE_ONLY___ ═
2025-05-29 14:00:34,379 INFO     ___FILE_ONLY___ ═
2025-05-29 14:00:34,379 INFO     ___FILE_ONLY___ ═
2025-05-29 14:00:34,379 INFO     ___FILE_ONLY___ ═
2025-05-29 14:00:34,379 INFO     ___FILE_ONLY___ ═
2025-05-29 14:00:34,379 INFO     ___FILE_ONLY___ ═
2025-05-29 14:00:34,379 INFO     ___FILE_ONLY___ ═
2025-05-29 14:00:34,379 INFO     ___FILE_ONLY___ ═
2025-05-29 14:00:34,379 INFO     ___FILE_ONLY___ ═
2025-05-29 14:00:34,379 INFO     ___FILE_ONLY___ ═
2025-05-29 14:00:34,380 INFO     ___FILE_ONLY___ ═
2025-05-29 14:00:34,380 INFO     ___FILE_ONLY___ ═
2025-05-29 14:00:34,380 INFO     ___FILE_ONLY___ ═
2025-05-29 14:00:34,380 INFO     ___FILE_ONLY___ ╝

2025-05-29 14:00:34,382 INFO     ___FILE_ONLY___ ╔════════════════════════════════════════════════════════════╗

2025-05-29 14:00:34,382 INFO     ___FILE_ONLY___ ╠═ Downloading: gcloud cli dependencies (Platform Specific) ═╣

2025-05-29 14:00:34,382 INFO     ___FILE_ONLY___ ╚
2025-05-29 14:00:34,386 DEBUG    urllib3.connectionpool Starting new HTTPS connection (1): dl.google.com:443
2025-05-29 14:00:34,404 DEBUG    urllib3.connectionpool https://dl.google.com:443 "GET /dl/cloudsdk/channels/rapid/components/google-cloud-sdk-gcloud-deps-linux-x86_64-20210416153011.tar.gz HTTP/11" 200 104
2025-05-29 14:00:34,405 INFO     ___FILE_ONLY___ ════════════════════════════════════════════════════════════
2025-05-29 14:00:34,405 INFO     ___FILE_ONLY___ ╝

2025-05-29 14:00:34,407 INFO     ___FILE_ONLY___ ╔════════════════════════════════════════════════════════════╗

2025-05-29 14:00:34,408 INFO     ___FILE_ONLY___ ╠═ Installing: BigQuery Command Line Tool                   ═╣

2025-05-29 14:00:34,408 INFO     ___FILE_ONLY___ ╚
2025-05-29 14:00:34,510 INFO     ___FILE_ONLY___ ═
2025-05-29 14:00:34,513 INFO     ___FILE_ONLY___ ═
2025-05-29 14:00:34,515 INFO     ___FILE_ONLY___ ═
2025-05-29 14:00:34,518 INFO     ___FILE_ONLY___ ═
2025-05-29 14:00:34,521 INFO     ___FILE_ONLY___ ═
2025-05-29 14:00:34,523 INFO     ___FILE_ONLY___ ═
2025-05-29 14:00:34,526 INFO     ___FILE_ONLY___ ═
2025-05-29 14:00:34,528 INFO     ___FILE_ONLY___ ═
2025-05-29 14:00:34,530 INFO     ___FILE_ONLY___ ═
2025-05-29 14:00:34,532 INFO     ___FILE_ONLY___ ═
2025-05-29 14:00:34,535 INFO     ___FILE_ONLY___ ═
2025-05-29 14:00:34,537 INFO     ___FILE_ONLY___ ═
2025-05-29 14:00:34,540 INFO     ___FILE_ONLY___ ═
2025-05-29 14:00:34,543 INFO     ___FILE_ONLY___ ═
2025-05-29 14:00:34,545 INFO     ___FILE_ONLY___ ═
2025-05-29 14:00:34,547 INFO     ___FILE_ONLY___ ═
2025-05-29 14:00:34,550 INFO     ___FILE_ONLY___ ═
2025-05-29 14:00:34,551 INFO     ___FILE_ONLY___ ═
2025-05-29 14:00:34,553 INFO     ___FILE_ONLY___ ═
2025-05-29 14:00:34,557 INFO     ___FILE_ONLY___ ═
2025-05-29 14:00:34,560 INFO     ___FILE_ONLY___ ═
2025-05-29 14:00:34,563 INFO     ___FILE_ONLY___ ═
2025-05-29 14:00:34,566 INFO     ___FILE_ONLY___ ═
2025-05-29 14:00:34,568 INFO     ___FILE_ONLY___ ═
2025-05-29 14:00:34,569 INFO     ___FILE_ONLY___ ═
2025-05-29 14:00:34,571 INFO     ___FILE_ONLY___ ═
2025-05-29 14:00:34,573 INFO     ___FILE_ONLY___ ═
2025-05-29 14:00:34,576 INFO     ___FILE_ONLY___ ═
2025-05-29 14:00:34,579 INFO     ___FILE_ONLY___ ═
2025-05-29 14:00:34,583 INFO     ___FILE_ONLY___ ═
2025-05-29 14:00:34,585 INFO     ___FILE_ONLY___ ═
2025-05-29 14:00:34,588 INFO     ___FILE_ONLY___ ═
2025-05-29 14:00:34,589 INFO     ___FILE_ONLY___ ═
2025-05-29 14:00:34,593 INFO     ___FILE_ONLY___ ═
2025-05-29 14:00:34,595 INFO     ___FILE_ONLY___ ═
2025-05-29 14:00:34,602 INFO     ___FILE_ONLY___ ═
2025-05-29 14:00:34,609 INFO     ___FILE_ONLY___ ═
2025-05-29 14:00:34,614 INFO     ___FILE_ONLY___ ═
2025-05-29 14:00:34,616 INFO     ___FILE_ONLY___ ═
2025-05-29 14:00:34,618 INFO     ___FILE_ONLY___ ═
2025-05-29 14:00:34,621 INFO     ___FILE_ONLY___ ═
2025-05-29 14:00:34,623 INFO     ___FILE_ONLY___ ═
2025-05-29 14:00:34,628 INFO     ___FILE_ONLY___ ═
2025-05-29 14:00:34,631 INFO     ___FILE_ONLY___ ═
2025-05-29 14:00:34,633 INFO     ___FILE_ONLY___ ═
2025-05-29 14:00:34,636 INFO     ___FILE_ONLY___ ═
2025-05-29 14:00:34,638 INFO     ___FILE_ONLY___ ═
2025-05-29 14:00:34,640 INFO     ___FILE_ONLY___ ═
2025-05-29 14:00:34,642 INFO     ___FILE_ONLY___ ═
2025-05-29 14:00:34,644 INFO     ___FILE_ONLY___ ═
2025-05-29 14:00:34,646 INFO     ___FILE_ONLY___ ═
2025-05-29 14:00:34,648 INFO     ___FILE_ONLY___ ═
2025-05-29 14:00:34,650 INFO     ___FILE_ONLY___ ═
2025-05-29 14:00:34,653 INFO     ___FILE_ONLY___ ═
2025-05-29 14:00:34,655 INFO     ___FILE_ONLY___ ═
2025-05-29 14:00:34,657 INFO     ___FILE_ONLY___ ═
2025-05-29 14:00:34,659 INFO     ___FILE_ONLY___ ═
2025-05-29 14:00:34,661 INFO     ___FILE_ONLY___ ═
2025-05-29 14:00:34,663 INFO     ___FILE_ONLY___ ═
2025-05-29 14:00:34,665 INFO     ___FILE_ONLY___ ═
2025-05-29 14:00:34,665 INFO     ___FILE_ONLY___ ╝

2025-05-29 14:00:34,673 INFO     ___FILE_ONLY___ ╔════════════════════════════════════════════════════════════╗

2025-05-29 14:00:34,673 INFO     ___FILE_ONLY___ ╠═ Installing: BigQuery Command Line Tool (Platform Spec... ═╣

2025-05-29 14:00:34,674 INFO     ___FILE_ONLY___ ╚
2025-05-29 14:00:34,674 INFO     ___FILE_ONLY___ ════════════════════════════════════════════════════════════
2025-05-29 14:00:34,674 INFO     ___FILE_ONLY___ ╝

2025-05-29 14:00:34,680 INFO     ___FILE_ONLY___ ╔════════════════════════════════════════════════════════════╗

2025-05-29 14:00:34,680 INFO     ___FILE_ONLY___ ╠═ Installing: Bundled Python 3.12                          ═╣

2025-05-29 14:00:34,680 INFO     ___FILE_ONLY___ ╚
2025-05-29 14:00:34,683 INFO     ___FILE_ONLY___ ════════════════════════════════════════════════════════════
2025-05-29 14:00:34,683 INFO     ___FILE_ONLY___ ╝

2025-05-29 14:00:34,685 INFO     ___FILE_ONLY___ ╔════════════════════════════════════════════════════════════╗

2025-05-29 14:00:34,685 INFO     ___FILE_ONLY___ ╠═ Installing: Bundled Python 3.12 (Platform Specific)      ═╣

2025-05-29 14:00:34,685 INFO     ___FILE_ONLY___ ╚
2025-05-29 14:00:36,961 INFO     ___FILE_ONLY___ ═
2025-05-29 14:00:36,972 INFO     ___FILE_ONLY___ ═
2025-05-29 14:00:36,983 INFO     ___FILE_ONLY___ ═
2025-05-29 14:00:36,995 INFO     ___FILE_ONLY___ ═
2025-05-29 14:00:37,007 INFO     ___FILE_ONLY___ ═
2025-05-29 14:00:37,020 INFO     ___FILE_ONLY___ ═
2025-05-29 14:00:37,032 INFO     ___FILE_ONLY___ ═
2025-05-29 14:00:37,045 INFO     ___FILE_ONLY___ ═
2025-05-29 14:00:37,060 INFO     ___FILE_ONLY___ ═
2025-05-29 14:00:37,071 INFO     ___FILE_ONLY___ ═
2025-05-29 14:00:37,083 INFO     ___FILE_ONLY___ ═
2025-05-29 14:00:37,095 INFO     ___FILE_ONLY___ ═
2025-05-29 14:00:37,107 INFO     ___FILE_ONLY___ ═
2025-05-29 14:00:37,119 INFO     ___FILE_ONLY___ ═
2025-05-29 14:00:37,131 INFO     ___FILE_ONLY___ ═
2025-05-29 14:00:37,143 INFO     ___FILE_ONLY___ ═
2025-05-29 14:00:37,155 INFO     ___FILE_ONLY___ ═
2025-05-29 14:00:37,166 INFO     ___FILE_ONLY___ ═
2025-05-29 14:00:37,178 INFO     ___FILE_ONLY___ ═
2025-05-29 14:00:37,189 INFO     ___FILE_ONLY___ ═
2025-05-29 14:00:37,201 INFO     ___FILE_ONLY___ ═
2025-05-29 14:00:37,213 INFO     ___FILE_ONLY___ ═
2025-05-29 14:00:37,225 INFO     ___FILE_ONLY___ ═
2025-05-29 14:00:37,236 INFO     ___FILE_ONLY___ ═
2025-05-29 14:00:37,247 INFO     ___FILE_ONLY___ ═
2025-05-29 14:00:37,259 INFO     ___FILE_ONLY___ ═
2025-05-29 14:00:37,271 INFO     ___FILE_ONLY___ ═
2025-05-29 14:00:37,282 INFO     ___FILE_ONLY___ ═
2025-05-29 14:00:37,294 INFO     ___FILE_ONLY___ ═
2025-05-29 14:00:37,306 INFO     ___FILE_ONLY___ ═
2025-05-29 14:00:37,317 INFO     ___FILE_ONLY___ ═
2025-05-29 14:00:37,329 INFO     ___FILE_ONLY___ ═
2025-05-29 14:00:37,341 INFO     ___FILE_ONLY___ ═
2025-05-29 14:00:37,353 INFO     ___FILE_ONLY___ ═
2025-05-29 14:00:37,371 INFO     ___FILE_ONLY___ ═
2025-05-29 14:00:37,385 INFO     ___FILE_ONLY___ ═
2025-05-29 14:00:38,267 INFO     ___FILE_ONLY___ ═
2025-05-29 14:00:38,291 INFO     ___FILE_ONLY___ ═
2025-05-29 14:00:38,826 INFO     ___FILE_ONLY___ ═
2025-05-29 14:00:38,844 INFO     ___FILE_ONLY___ ═
2025-05-29 14:00:38,865 INFO     ___FILE_ONLY___ ═
2025-05-29 14:00:38,889 INFO     ___FILE_ONLY___ ═
2025-05-29 14:00:38,906 INFO     ___FILE_ONLY___ ═
2025-05-29 14:00:38,933 INFO     ___FILE_ONLY___ ═
2025-05-29 14:00:38,953 INFO     ___FILE_ONLY___ ═
2025-05-29 14:00:38,971 INFO     ___FILE_ONLY___ ═
2025-05-29 14:00:38,988 INFO     ___FILE_ONLY___ ═
2025-05-29 14:00:39,004 INFO     ___FILE_ONLY___ ═
2025-05-29 14:00:39,092 INFO     ___FILE_ONLY___ ═
2025-05-29 14:00:39,110 INFO     ___FILE_ONLY___ ═
2025-05-29 14:00:39,252 INFO     ___FILE_ONLY___ ═
2025-05-29 14:00:39,268 INFO     ___FILE_ONLY___ ═
2025-05-29 14:00:39,283 INFO     ___FILE_ONLY___ ═
2025-05-29 14:00:39,300 INFO     ___FILE_ONLY___ ═
2025-05-29 14:00:39,315 INFO     ___FILE_ONLY___ ═
2025-05-29 14:00:39,336 INFO     ___FILE_ONLY___ ═
2025-05-29 14:00:39,353 INFO     ___FILE_ONLY___ ═
2025-05-29 14:00:39,369 INFO     ___FILE_ONLY___ ═
2025-05-29 14:00:39,395 INFO     ___FILE_ONLY___ ═
2025-05-29 14:00:39,891 INFO     ___FILE_ONLY___ ═
2025-05-29 14:00:39,891 INFO     ___FILE_ONLY___ ╝

2025-05-29 14:00:39,944 INFO     ___FILE_ONLY___ ╔════════════════════════════════════════════════════════════╗

2025-05-29 14:00:39,945 INFO     ___FILE_ONLY___ ╠═ Installing: Cloud Storage Command Line Tool              ═╣

2025-05-29 14:00:39,945 INFO     ___FILE_ONLY___ ╚
2025-05-29 14:00:40,462 INFO     ___FILE_ONLY___ ═
2025-05-29 14:00:40,473 INFO     ___FILE_ONLY___ ═
2025-05-29 14:00:40,483 INFO     ___FILE_ONLY___ ═
2025-05-29 14:00:40,492 INFO     ___FILE_ONLY___ ═
2025-05-29 14:00:40,501 INFO     ___FILE_ONLY___ ═
2025-05-29 14:00:40,536 INFO     ___FILE_ONLY___ ═
2025-05-29 14:00:40,548 INFO     ___FILE_ONLY___ ═
2025-05-29 14:00:40,563 INFO     ___FILE_ONLY___ ═
2025-05-29 14:00:40,574 INFO     ___FILE_ONLY___ ═
2025-05-29 14:00:40,590 INFO     ___FILE_ONLY___ ═
2025-05-29 14:00:40,601 INFO     ___FILE_ONLY___ ═
2025-05-29 14:00:40,611 INFO     ___FILE_ONLY___ ═
2025-05-29 14:00:40,621 INFO     ___FILE_ONLY___ ═
2025-05-29 14:00:40,630 INFO     ___FILE_ONLY___ ═
2025-05-29 14:00:40,640 INFO     ___FILE_ONLY___ ═
2025-05-29 14:00:40,654 INFO     ___FILE_ONLY___ ═
2025-05-29 14:00:40,667 INFO     ___FILE_ONLY___ ═
2025-05-29 14:00:40,676 INFO     ___FILE_ONLY___ ═
2025-05-29 14:00:40,688 INFO     ___FILE_ONLY___ ═
2025-05-29 14:00:40,697 INFO     ___FILE_ONLY___ ═
2025-05-29 14:00:40,708 INFO     ___FILE_ONLY___ ═
2025-05-29 14:00:40,718 INFO     ___FILE_ONLY___ ═
2025-05-29 14:00:40,728 INFO     ___FILE_ONLY___ ═
2025-05-29 14:00:40,737 INFO     ___FILE_ONLY___ ═
2025-05-29 14:00:40,747 INFO     ___FILE_ONLY___ ═
2025-05-29 14:00:40,757 INFO     ___FILE_ONLY___ ═
2025-05-29 14:00:40,768 INFO     ___FILE_ONLY___ ═
2025-05-29 14:00:40,785 INFO     ___FILE_ONLY___ ═
2025-05-29 14:00:40,796 INFO     ___FILE_ONLY___ ═
2025-05-29 14:00:40,805 INFO     ___FILE_ONLY___ ═
2025-05-29 14:00:40,825 INFO     ___FILE_ONLY___ ═
2025-05-29 14:00:40,840 INFO     ___FILE_ONLY___ ═
2025-05-29 14:00:40,857 INFO     ___FILE_ONLY___ ═
2025-05-29 14:00:40,875 INFO     ___FILE_ONLY___ ═
2025-05-29 14:00:40,889 INFO     ___FILE_ONLY___ ═
2025-05-29 14:00:40,900 INFO     ___FILE_ONLY___ ═
2025-05-29 14:00:40,910 INFO     ___FILE_ONLY___ ═
2025-05-29 14:00:40,923 INFO     ___FILE_ONLY___ ═
2025-05-29 14:00:40,937 INFO     ___FILE_ONLY___ ═
2025-05-29 14:00:40,948 INFO     ___FILE_ONLY___ ═
2025-05-29 14:00:40,959 INFO     ___FILE_ONLY___ ═
2025-05-29 14:00:40,968 INFO     ___FILE_ONLY___ ═
2025-05-29 14:00:40,978 INFO     ___FILE_ONLY___ ═
2025-05-29 14:00:40,989 INFO     ___FILE_ONLY___ ═
2025-05-29 14:00:40,998 INFO     ___FILE_ONLY___ ═
2025-05-29 14:00:41,007 INFO     ___FILE_ONLY___ ═
2025-05-29 14:00:41,016 INFO     ___FILE_ONLY___ ═
2025-05-29 14:00:41,025 INFO     ___FILE_ONLY___ ═
2025-05-29 14:00:41,035 INFO     ___FILE_ONLY___ ═
2025-05-29 14:00:41,047 INFO     ___FILE_ONLY___ ═
2025-05-29 14:00:41,060 INFO     ___FILE_ONLY___ ═
2025-05-29 14:00:41,073 INFO     ___FILE_ONLY___ ═
2025-05-29 14:00:41,085 INFO     ___FILE_ONLY___ ═
2025-05-29 14:00:41,098 INFO     ___FILE_ONLY___ ═
2025-05-29 14:00:41,110 INFO     ___FILE_ONLY___ ═
2025-05-29 14:00:41,125 INFO     ___FILE_ONLY___ ═
2025-05-29 14:00:41,140 INFO     ___FILE_ONLY___ ═
2025-05-29 14:00:41,160 INFO     ___FILE_ONLY___ ═
2025-05-29 14:00:41,176 INFO     ___FILE_ONLY___ ═
2025-05-29 14:00:41,193 INFO     ___FILE_ONLY___ ═
2025-05-29 14:00:41,194 INFO     ___FILE_ONLY___ ╝

2025-05-29 14:00:41,224 INFO     ___FILE_ONLY___ ╔════════════════════════════════════════════════════════════╗

2025-05-29 14:00:41,224 INFO     ___FILE_ONLY___ ╠═ Installing: Cloud Storage Command Line Tool (Platform... ═╣

2025-05-29 14:00:41,224 INFO     ___FILE_ONLY___ ╚
2025-05-29 14:00:41,225 INFO     ___FILE_ONLY___ ════════════════════════════════════════════════════════════
2025-05-29 14:00:41,225 INFO     ___FILE_ONLY___ ╝

2025-05-29 14:00:41,229 INFO     ___FILE_ONLY___ ╔════════════════════════════════════════════════════════════╗

2025-05-29 14:00:41,229 INFO     ___FILE_ONLY___ ╠═ Installing: Default set of gcloud commands               ═╣

2025-05-29 14:00:41,229 INFO     ___FILE_ONLY___ ╚
2025-05-29 14:00:41,232 INFO     ___FILE_ONLY___ ════════════════════════════════════════════════════════════
2025-05-29 14:00:41,232 INFO     ___FILE_ONLY___ ╝

2025-05-29 14:00:41,234 INFO     ___FILE_ONLY___ ╔════════════════════════════════════════════════════════════╗

2025-05-29 14:00:41,234 INFO     ___FILE_ONLY___ ╠═ Installing: Google Cloud CLI Core Libraries (Platform... ═╣

2025-05-29 14:00:41,234 INFO     ___FILE_ONLY___ ╚
2025-05-29 14:00:41,235 INFO     ___FILE_ONLY___ ══════════════════════════════
2025-05-29 14:00:41,235 INFO     ___FILE_ONLY___ ══════════════════════════════
2025-05-29 14:00:41,235 INFO     ___FILE_ONLY___ ╝

2025-05-29 14:00:41,239 INFO     ___FILE_ONLY___ ╔════════════════════════════════════════════════════════════╗

2025-05-29 14:00:41,239 INFO     ___FILE_ONLY___ ╠═ Installing: Google Cloud CRC32C Hash Tool                ═╣

2025-05-29 14:00:41,239 INFO     ___FILE_ONLY___ ╚
2025-05-29 14:00:41,242 INFO     ___FILE_ONLY___ ════════════════════════════════════════════════════════════
2025-05-29 14:00:41,242 INFO     ___FILE_ONLY___ ╝

2025-05-29 14:00:41,243 INFO     ___FILE_ONLY___ ╔════════════════════════════════════════════════════════════╗

2025-05-29 14:00:41,243 INFO     ___FILE_ONLY___ ╠═ Installing: Google Cloud CRC32C Hash Tool (Platform S... ═╣

2025-05-29 14:00:41,243 INFO     ___FILE_ONLY___ ╚
2025-05-29 14:00:41,281 INFO     ___FILE_ONLY___ ══════════════════════════════
2025-05-29 14:00:41,281 INFO     ___FILE_ONLY___ ══════════════════════════════
2025-05-29 14:00:41,281 INFO     ___FILE_ONLY___ ╝

2025-05-29 14:00:41,286 INFO     ___FILE_ONLY___ ╔════════════════════════════════════════════════════════════╗

2025-05-29 14:00:41,286 INFO     ___FILE_ONLY___ ╠═ Installing: gcloud cli dependencies (Platform Specific)  ═╣

2025-05-29 14:00:41,286 INFO     ___FILE_ONLY___ ╚
2025-05-29 14:00:41,287 INFO     ___FILE_ONLY___ ════════════════════════════════════════════════════════════
2025-05-29 14:00:41,287 INFO     ___FILE_ONLY___ ╝

2025-05-29 14:00:41,291 DEBUG    root            Updating notification cache...
2025-05-29 14:00:41,292 INFO     ___FILE_ONLY___ 

2025-05-29 14:00:41,294 INFO     ___FILE_ONLY___ Performing post processing steps...
2025-05-29 14:00:41,294 DEBUG    root            Executing command: ['/tools/google-cloud-sdk/bin/gcloud', 'components', 'post-process']
2025-05-29 14:00:50,206 DEBUG    ___FILE_ONLY___ 
2025-05-29 14:00:50,206 DEBUG    ___FILE_ONLY___ 
2025-05-29 14:00:50,365 INFO     root            descriptor_list: [{'universeDomain': 'googleapis.com', 'universeShortName': '', 'authenticationDomain': 'auth.cloud.google.com', 'projectPrefix': '', 'cloudWebDomain': 'cloud.google.com', 'documentationDomain': 'cloud.google.com', 'version': '1.0.0', 'state': 'primary', 'artifactRegistryDomain': 'pkg.dev'}]
2025-05-29 14:00:50,366 INFO     ___FILE_ONLY___ 
Update done!


2025-05-29 14:00:50,369 DEBUG    root            Chosen display Format:none
2025-05-29 14:00:50,369 INFO     root            Display format: "none"
